# JRE version: OpenJDK Runtime Environment Temurin-21.0.9+10 (21.0.9+10) (build 21.0.9+10-LTS)
# Java VM: OpenJDK 64-Bit Server VM Temurin-21.0.9+10 (21.0.9+10-LTS, mixed mode, sharing, tiered, compressed oops, compressed class ptrs, parallel gc, windows-amd64)
GC Precious Log:
 CardTable entry size: 512
 CPUs: 4 total, 4 available
 Memory: 8067M
 Large Page Support: Disabled
 NUMA Support: Disabled
 Compressed Oops: Enabled (32-bit)
 Alignments: Space 512K, Generation 512K, Heap 2M
 Heap Min Capacity: 100M
 Heap Initial Capacity: 100M
 Heap Max Capacity: 2G
 Pre-touch: Disabled
 Parallel Workers: 4
Heap:
 PSYoungGen      total 6144K, used 3209K [0x00000000d5580000, 0x00000000d5c80000, 0x0000000100000000)
  eden space 5120K, 48% used [0x00000000d5580000,0x00000000d57ef790,0x00000000d5a80000)
  from space 1024K, 69% used [0x00000000d5a80000,0x00000000d5b33008,0x00000000d5b80000)
  to   space 1024K, 0% used [0x00000000d5b80000,0x00000000d5b80000,0x00000000d5c80000)
 ParOldGen       total 606720K, used 606485K [0x0000000080000000, 0x00000000a5080000, 0x00000000d5580000)
  object space 606720K, 99% used [0x0000000080000000,0x00000000a5045700,0x00000000a5080000)
 Metaspace       used 73451K, committed 75072K, reserved 1179648K
  class space    used 7644K, committed 8384K, reserved 1048576K
GC Heap History (20 events):
Event: 1759.206 GC heap before
{Heap before GC invocations=1433 (full 3):
 PSYoungGen      total 6144K, used 5792K [0x00000000d5580000, 0x00000000d5c80000, 0x0000000100000000)
  eden space 5120K, 100% used [0x00000000d5580000,0x00000000d5a80000,0x00000000d5a80000)
  from space 1024K, 65% used [0x00000000d5a80000,0x00000000d5b28000,0x00000000d5b80000)
  to   space 1024K, 0% used [0x00000000d5b80000,0x00000000d5b80000,0x00000000d5c80000)
 ParOldGen       total 601600K, used 601167K [0x0000000080000000, 0x00000000a4b80000, 0x00000000d5580000)
  object space 601600K, 99% used [0x0000000080000000,0x00000000a4b13ce0,0x00000000a4b80000)
 Metaspace       used 73435K, committed 74944K, reserved 1179648K
  class space    used 7643K, committed 8384K, reserved 1048576K
}
Event: 1759.209 GC heap after
{Heap after GC invocations=1433 (full 3):
 PSYoungGen      total 6144K, used 544K [0x00000000d5580000, 0x00000000d5c80000, 0x0000000100000000)
  eden space 5120K, 0% used [0x00000000d5580000,0x00000000d5580000,0x00000000d5a80000)
  from space 1024K, 53% used [0x00000000d5b80000,0x00000000d5c08000,0x00000000d5c80000)
  to   space 1024K, 0% used [0x00000000d5a80000,0x00000000d5a80000,0x00000000d5b80000)
 ParOldGen       total 602112K, used 601764K [0x0000000080000000, 0x00000000a4c00000, 0x00000000d5580000)
  object space 602112K, 99% used [0x0000000080000000,0x00000000a4ba92f0,0x00000000a4c00000)
 Metaspace       used 73435K, committed 74944K, reserved 1179648K
  class space    used 7643K, committed 8384K, reserved 1048576K
}
Event: 1759.975 GC heap before
{Heap before GC invocations=1434 (full 3):
 PSYoungGen      total 6144K, used 5664K [0x00000000d5580000, 0x00000000d5c80000, 0x0000000100000000)
  eden space 5120K, 100% used [0x00000000d5580000,0x00000000d5a80000,0x00000000d5a80000)
  from space 1024K, 53% used [0x00000000d5b80000,0x00000000d5c08000,0x00000000d5c80000)
  to   space 1024K, 0% used [0x00000000d5a80000,0x00000000d5a80000,0x00000000d5b80000)
 ParOldGen       total 602112K, used 601764K [0x0000000080000000, 0x00000000a4c00000, 0x00000000d5580000)
  object space 602112K, 99% used [0x0000000080000000,0x00000000a4ba92f0,0x00000000a4c00000)
 Metaspace       used 73435K, committed 74944K, reserved 1179648K
  class space    used 7643K, committed 8384K, reserved 1048576K
}
Event: 1759.979 GC heap after
{Heap after GC invocations=1434 (full 3):
 PSYoungGen      total 6144K, used 576K [0x00000000d5580000, 0x00000000d5c80000, 0x0000000100000000)
  eden space 5120K, 0% used [0x00000000d5580000,0x00000000d5580000,0x00000000d5a80000)
  from space 1024K, 56% used [0x00000000d5a80000,0x00000000d5b10000,0x00000000d5b80000)
  to   space 1024K, 0% used [0x00000000d5b80000,0x00000000d5b80000,0x00000000d5c80000)
 ParOldGen       total 602624K, used 602300K [0x0000000080000000, 0x00000000a4c80000, 0x00000000d5580000)
  object space 602624K, 99% used [0x0000000080000000,0x00000000a4c2f2f0,0x00000000a4c80000)
 Metaspace       used 73435K, committed 74944K, reserved 1179648K
  class space    used 7643K, committed 8384K, reserved 1048576K
}
Event: 1788.353 GC heap before
{Heap before GC invocations=1435 (full 3):
 PSYoungGen      total 6144K, used 5696K [0x00000000d5580000, 0x00000000d5c80000, 0x0000000100000000)
  eden space 5120K, 100% used [0x00000000d5580000,0x00000000d5a80000,0x00000000d5a80000)
  from space 1024K, 56% used [0x00000000d5a80000,0x00000000d5b10000,0x00000000d5b80000)
  to   space 1024K, 0% used [0x00000000d5b80000,0x00000000d5b80000,0x00000000d5c80000)
 ParOldGen       total 602624K, used 602300K [0x0000000080000000, 0x00000000a4c80000, 0x00000000d5580000)
  object space 602624K, 99% used [0x0000000080000000,0x00000000a4c2f2f0,0x00000000a4c80000)
 Metaspace       used 73442K, committed 74944K, reserved 1179648K
  class space    used 7643K, committed 8384K, reserved 1048576K
}
Event: 1788.389 GC heap after
{Heap after GC invocations=1435 (full 3):
 PSYoungGen      total 5632K, used 352K [0x00000000d5580000, 0x00000000d5c00000, 0x0000000100000000)
  eden space 5120K, 0% used [0x00000000d5580000,0x00000000d5580000,0x00000000d5a80000)
  from space 512K, 68% used [0x00000000d5b80000,0x00000000d5bd8000,0x00000000d5c00000)
  to   space 512K, 0% used [0x00000000d5b00000,0x00000000d5b00000,0x00000000d5b80000)
 ParOldGen       total 603136K, used 602820K [0x0000000080000000, 0x00000000a4d00000, 0x00000000d5580000)
  object space 603136K, 99% used [0x0000000080000000,0x00000000a4cb12f0,0x00000000a4d00000)
 Metaspace       used 73442K, committed 74944K, reserved 1179648K
  class space    used 7643K, committed 8384K, reserved 1048576K
}
Event: 1793.786 GC heap before
{Heap before GC invocations=1436 (full 3):
 PSYoungGen      total 5632K, used 5459K [0x00000000d5580000, 0x00000000d5c00000, 0x0000000100000000)
  eden space 5120K, 99% used [0x00000000d5580000,0x00000000d5a7ccf8,0x00000000d5a80000)
  from space 512K, 68% used [0x00000000d5b80000,0x00000000d5bd8000,0x00000000d5c00000)
  to   space 512K, 0% used [0x00000000d5b00000,0x00000000d5b00000,0x00000000d5b80000)
 ParOldGen       total 603136K, used 602820K [0x0000000080000000, 0x00000000a4d00000, 0x00000000d5580000)
  object space 603136K, 99% used [0x0000000080000000,0x00000000a4cb12f0,0x00000000a4d00000)
 Metaspace       used 73446K, committed 75008K, reserved 1179648K
  class space    used 7644K, committed 8384K, reserved 1048576K
}
Event: 1793.791 GC heap after
{Heap after GC invocations=1436 (full 3):
 PSYoungGen      total 5632K, used 507K [0x00000000d5580000, 0x00000000d5c80000, 0x0000000100000000)
  eden space 5120K, 0% used [0x00000000d5580000,0x00000000d5580000,0x00000000d5a80000)
  from space 512K, 99% used [0x00000000d5b00000,0x00000000d5b7ec08,0x00000000d5b80000)
  to   space 1024K, 0% used [0x00000000d5b80000,0x00000000d5b80000,0x00000000d5c80000)
 ParOldGen       total 603648K, used 603172K [0x0000000080000000, 0x00000000a4d80000, 0x00000000d5580000)
  object space 603648K, 99% used [0x0000000080000000,0x00000000a4d092f0,0x00000000a4d80000)
 Metaspace       used 73446K, committed 75008K, reserved 1179648K
  class space    used 7644K, committed 8384K, reserved 1048576K
}
Event: 1814.785 GC heap before
{Heap before GC invocations=1437 (full 3):
 PSYoungGen      total 5632K, used 5627K [0x00000000d5580000, 0x00000000d5c80000, 0x0000000100000000)
  eden space 5120K, 100% used [0x00000000d5580000,0x00000000d5a80000,0x00000000d5a80000)
  from space 512K, 99% used [0x00000000d5b00000,0x00000000d5b7ec08,0x00000000d5b80000)
  to   space 1024K, 0% used [0x00000000d5b80000,0x00000000d5b80000,0x00000000d5c80000)
 ParOldGen       total 603648K, used 603172K [0x0000000080000000, 0x00000000a4d80000, 0x00000000d5580000)
  object space 603648K, 99% used [0x0000000080000000,0x00000000a4d092f0,0x00000000a4d80000)
 Metaspace       used 73449K, committed 75072K, reserved 1179648K
  class space    used 7644K, committed 8384K, reserved 1048576K
}
Event: 1814.792 GC heap after
{Heap after GC invocations=1437 (full 3):
 PSYoungGen      total 6144K, used 576K [0x00000000d5580000, 0x00000000d5c80000, 0x0000000100000000)
  eden space 5120K, 0% used [0x00000000d5580000,0x00000000d5580000,0x00000000d5a80000)
  from space 1024K, 56% used [0x00000000d5b80000,0x00000000d5c10000,0x00000000d5c80000)
  to   space 1024K, 0% used [0x00000000d5a80000,0x00000000d5a80000,0x00000000d5b80000)
 ParOldGen       total 604160K, used 603703K [0x0000000080000000, 0x00000000a4e00000, 0x00000000d5580000)
  object space 604160K, 99% used [0x0000000080000000,0x00000000a4d8def8,0x00000000a4e00000)
 Metaspace       used 73449K, committed 75072K, reserved 1179648K
  class space    used 7644K, committed 8384K, reserved 1048576K
}
Event: 1816.736 GC heap before
{Heap before GC invocations=1438 (full 3):
 PSYoungGen      total 6144K, used 5696K [0x00000000d5580000, 0x00000000d5c80000, 0x0000000100000000)
  eden space 5120K, 100% used [0x00000000d5580000,0x00000000d5a80000,0x00000000d5a80000)
  from space 1024K, 56% used [0x00000000d5b80000,0x00000000d5c10000,0x00000000d5c80000)
  to   space 1024K, 0% used [0x00000000d5a80000,0x00000000d5a80000,0x00000000d5b80000)
 ParOldGen       total 604160K, used 603703K [0x0000000080000000, 0x00000000a4e00000, 0x00000000d5580000)
  object space 604160K, 99% used [0x0000000080000000,0x00000000a4d8def8,0x00000000a4e00000)
 Metaspace       used 73449K, committed 75072K, reserved 1179648K
  class space    used 7644K, committed 8384K, reserved 1048576K
}
Event: 1816.749 GC heap after
{Heap after GC invocations=1438 (full 3):
 PSYoungGen      total 6144K, used 667K [0x00000000d5580000, 0x00000000d5c80000, 0x0000000100000000)
  eden space 5120K, 0% used [0x00000000d5580000,0x00000000d5580000,0x00000000d5a80000)
  from space 1024K, 65% used [0x00000000d5a80000,0x00000000d5b26c08,0x00000000d5b80000)
  to   space 1024K, 0% used [0x00000000d5b80000,0x00000000d5b80000,0x00000000d5c80000)
 ParOldGen       total 604672K, used 604207K [0x0000000080000000, 0x00000000a4e80000, 0x00000000d5580000)
  object space 604672K, 99% used [0x0000000080000000,0x00000000a4e0bef8,0x00000000a4e80000)
 Metaspace       used 73449K, committed 75072K, reserved 1179648K
  class space    used 7644K, committed 8384K, reserved 1048576K
}
Event: 1818.150 GC heap before
{Heap before GC invocations=1439 (full 3):
 PSYoungGen      total 6144K, used 5787K [0x00000000d5580000, 0x00000000d5c80000, 0x0000000100000000)
  eden space 5120K, 99% used [0x00000000d5580000,0x00000000d5a7fff8,0x00000000d5a80000)
  from space 1024K, 65% used [0x00000000d5a80000,0x00000000d5b26c08,0x00000000d5b80000)
  to   space 1024K, 0% used [0x00000000d5b80000,0x00000000d5b80000,0x00000000d5c80000)
 ParOldGen       total 604672K, used 604207K [0x0000000080000000, 0x00000000a4e80000, 0x00000000d5580000)
  object space 604672K, 99% used [0x0000000080000000,0x00000000a4e0bef8,0x00000000a4e80000)
 Metaspace       used 73449K, committed 75072K, reserved 1179648K
  class space    used 7644K, committed 8384K, reserved 1048576K
}
Event: 1818.153 GC heap after
{Heap after GC invocations=1439 (full 3):
 PSYoungGen      total 6144K, used 694K [0x00000000d5580000, 0x00000000d5c80000, 0x0000000100000000)
  eden space 5120K, 0% used [0x00000000d5580000,0x00000000d5580000,0x00000000d5a80000)
  from space 1024K, 67% used [0x00000000d5b80000,0x00000000d5c2d808,0x00000000d5c80000)
  to   space 1024K, 0% used [0x00000000d5a80000,0x00000000d5a80000,0x00000000d5b80000)
 ParOldGen       total 605184K, used 604743K [0x0000000080000000, 0x00000000a4f00000, 0x00000000d5580000)
  object space 605184K, 99% used [0x0000000080000000,0x00000000a4e91ef8,0x00000000a4f00000)
 Metaspace       used 73449K, committed 75072K, reserved 1179648K
  class space    used 7644K, committed 8384K, reserved 1048576K
}
Event: 1819.036 GC heap before
{Heap before GC invocations=1440 (full 3):
 PSYoungGen      total 6144K, used 5814K [0x00000000d5580000, 0x00000000d5c80000, 0x0000000100000000)
  eden space 5120K, 100% used [0x00000000d5580000,0x00000000d5a80000,0x00000000d5a80000)
  from space 1024K, 67% used [0x00000000d5b80000,0x00000000d5c2d808,0x00000000d5c80000)
  to   space 1024K, 0% used [0x00000000d5a80000,0x00000000d5a80000,0x00000000d5b80000)
 ParOldGen       total 605184K, used 604743K [0x0000000080000000, 0x00000000a4f00000, 0x00000000d5580000)
  object space 605184K, 99% used [0x0000000080000000,0x00000000a4e91ef8,0x00000000a4f00000)
 Metaspace       used 73449K, committed 75072K, reserved 1179648K
  class space    used 7644K, committed 8384K, reserved 1048576K
}
Event: 1819.064 GC heap after
{Heap after GC invocations=1440 (full 3):
 PSYoungGen      total 6144K, used 672K [0x00000000d5580000, 0x00000000d5c80000, 0x0000000100000000)
  eden space 5120K, 0% used [0x00000000d5580000,0x00000000d5580000,0x00000000d5a80000)
  from space 1024K, 65% used [0x00000000d5a80000,0x00000000d5b28000,0x00000000d5b80000)
  to   space 1024K, 0% used [0x00000000d5b80000,0x00000000d5b80000,0x00000000d5c80000)
 ParOldGen       total 605696K, used 605349K [0x0000000080000000, 0x00000000a4f80000, 0x00000000d5580000)
  object space 605696K, 99% used [0x0000000080000000,0x00000000a4f29700,0x00000000a4f80000)
 Metaspace       used 73449K, committed 75072K, reserved 1179648K
  class space    used 7644K, committed 8384K, reserved 1048576K
}
Event: 1819.760 GC heap before
{Heap before GC invocations=1441 (full 3):
 PSYoungGen      total 6144K, used 5792K [0x00000000d5580000, 0x00000000d5c80000, 0x0000000100000000)
  eden space 5120K, 100% used [0x00000000d5580000,0x00000000d5a80000,0x00000000d5a80000)
  from space 1024K, 65% used [0x00000000d5a80000,0x00000000d5b28000,0x00000000d5b80000)
  to   space 1024K, 0% used [0x00000000d5b80000,0x00000000d5b80000,0x00000000d5c80000)
 ParOldGen       total 605696K, used 605349K [0x0000000080000000, 0x00000000a4f80000, 0x00000000d5580000)
  object space 605696K, 99% used [0x0000000080000000,0x00000000a4f29700,0x00000000a4f80000)
 Metaspace       used 73449K, committed 75072K, reserved 1179648K
  class space    used 7644K, committed 8384K, reserved 1048576K
}
Event: 1819.954 GC heap after
{Heap after GC invocations=1441 (full 3):
 PSYoungGen      total 6144K, used 640K [0x00000000d5580000, 0x00000000d5c80000, 0x0000000100000000)
  eden space 5120K, 0% used [0x00000000d5580000,0x00000000d5580000,0x00000000d5a80000)
  from space 1024K, 62% used [0x00000000d5b80000,0x00000000d5c20000,0x00000000d5c80000)
  to   space 1024K, 0% used [0x00000000d5a80000,0x00000000d5a80000,0x00000000d5b80000)
 ParOldGen       total 606208K, used 605949K [0x0000000080000000, 0x00000000a5000000, 0x00000000d5580000)
  object space 606208K, 99% used [0x0000000080000000,0x00000000a4fbf700,0x00000000a5000000)
 Metaspace       used 73449K, committed 75072K, reserved 1179648K
  class space    used 7644K, committed 8384K, reserved 1048576K
}
Event: 1821.614 GC heap before
{Heap before GC invocations=1442 (full 3):
 PSYoungGen      total 6144K, used 5760K [0x00000000d5580000, 0x00000000d5c80000, 0x0000000100000000)
  eden space 5120K, 100% used [0x00000000d5580000,0x00000000d5a80000,0x00000000d5a80000)
  from space 1024K, 62% used [0x00000000d5b80000,0x00000000d5c20000,0x00000000d5c80000)
  to   space 1024K, 0% used [0x00000000d5a80000,0x00000000d5a80000,0x00000000d5b80000)
 ParOldGen       total 606208K, used 605949K [0x0000000080000000, 0x00000000a5000000, 0x00000000d5580000)
  object space 606208K, 99% used [0x0000000080000000,0x00000000a4fbf700,0x00000000a5000000)
 Metaspace       used 73451K, committed 75072K, reserved 1179648K
  class space    used 7644K, committed 8384K, reserved 1048576K
}
Event: 1821.623 GC heap after
{Heap after GC invocations=1442 (full 3):
 PSYoungGen      total 6144K, used 716K [0x00000000d5580000, 0x00000000d5c80000, 0x0000000100000000)
  eden space 5120K, 0% used [0x00000000d5580000,0x00000000d5580000,0x00000000d5a80000)
  from space 1024K, 69% used [0x00000000d5a80000,0x00000000d5b33008,0x00000000d5b80000)
  to   space 1024K, 0% used [0x00000000d5b80000,0x00000000d5b80000,0x00000000d5c80000)
 ParOldGen       total 606720K, used 606485K [0x0000000080000000, 0x00000000a5080000, 0x00000000d5580000)
  object space 606720K, 99% used [0x0000000080000000,0x00000000a5045700,0x00000000a5080000)
 Metaspace       used 73451K, committed 75072K, reserved 1179648K
  class space    used 7644K, committed 8384K, reserved 1048576K
}

